<?xml version="1.0" encoding="UTF-8"?>
<!-- Generated by org.testng.reporters.JUnitXMLReporter -->
<testsuite ignored="1" hostname="Rohitha-Dell" failures="2" tests="11" name="Test" time="180.304" errors="0" timestamp="2024-09-03T17:35:05 MDT">
  <testcase classname="RC.Tests.SubmitOrder" name="checkIfTheProductsAreAvailable" time="12.315"/>
  <testcase classname="RC.Tests.SubmitOrder" name="submitOrder" time="21.646"/>
  <testcase classname="RC.Tests.SubmitOrder" name="submitOrder" time="19.139"/>
  <testcase classname="RC.Tests.CartTests" name="checkTotal" time="12.53">
    <skipped/>
  </testcase> <!-- checkTotal -->
  <testcase classname="RC.Tests.CartTests" name="checkTotal" time="13.194">
    <skipped/>
  </testcase> <!-- checkTotal -->
  <testcase classname="RC.Tests.CartTests" name="checkTotal" time="12.941">
    <failure type="java.lang.AssertionError" message="expected [263000] but found [-263000]">
      <![CDATA[java.lang.AssertionError: expected [263000] but found [-263000]
at RC.Tests.CartTests.checkTotal(CartTests.java:47)
at java.base/java.util.ArrayList.forEach(ArrayList.java:1511)
... Removed 34 stack frames]]>
    </failure>
  </testcase> <!-- checkTotal -->
  <testcase classname="RC.Tests.CartTests" name="checkTotal" time="11.736">
    <skipped/>
  </testcase> <!-- checkTotal -->
  <testcase classname="RC.Tests.CartTests" name="checkTotal" time="13.017">
    <skipped/>
  </testcase> <!-- checkTotal -->
  <testcase classname="RC.Tests.CartTests" name="checkTotal" time="12.166">
    <failure type="java.lang.AssertionError" message="expected [31500] but found [-31500]">
      <![CDATA[java.lang.AssertionError: expected [31500] but found [-31500]
at RC.Tests.CartTests.checkTotal(CartTests.java:47)
at java.base/java.util.ArrayList.forEach(ArrayList.java:1511)
... Removed 34 stack frames]]>
    </failure>
  </testcase> <!-- checkTotal -->
  <testcase classname="RC.Tests.CartTests" name="checkCartProductsSameAsFoundItems" time="14.892"/>
  <testcase classname="RC.Tests.CartTests" name="checkCartProductsSameAsFoundItems" time="11.474"/>
  <testcase classname="RC.Tests.CartTests" name="printProductsCost" time="0.0">
    <ignored/>
  </testcase> <!-- printProductsCost -->
</testsuite> <!-- Test -->
